\BOOKMARK [1][-]{section.1}{\376\377\142\147\210\114\144\130\211\201}{}% 1
\BOOKMARK [1][-]{section.2}{\376\377\170\024\172\166\203\003\126\364\116\016\145\271\154\325}{}% 2
\BOOKMARK [1][-]{section.3}{\376\377\133\236\232\214\162\110\126\376\116\016\166\356\137\125\123\343\137\204}{}% 3
\BOOKMARK [2][-]{subsection.3.1}{\376\377\162\110\147\054\145\366\225\364\176\277\116\016\000\040\000b\000u\000g\000\040\133\371\237\120}{section.3}% 4
\BOOKMARK [1][-]{section.4}{\376\377\116\073\176\323\147\234\116\000\377\032\000R\000e\000w\000a\000r\000d\000\040\000F\000o\000r\000m\000\040\000A\000b\000l\000a\000t\000i\000o\000n}{}% 5
\BOOKMARK [2][-]{subsection.4.1}{\376\377\000r\000u\000l\000e\000-\000o\000n\000l\000y\000\040\116\315\161\066\146\057\137\123\122\115\147\000\137\072\166\204\145\340\000\040\000h\000i\000n\000t\000\040\000t\000o\000p\000-\0001\0000\000\040\127\372\176\277}{section.4}% 6
\BOOKMARK [2][-]{subsection.4.2}{\376\377\176\257\000\040\000p\000r\000e\000f\000i\000x\000\040\000r\000e\000w\000a\000r\000d\000\040\116\015\200\375\146\377\116\343\000\040\000e\000x\000a\000c\000t\000\040\000r\000e\000w\000a\000r\000d}{section.4}% 7
\BOOKMARK [2][-]{subsection.4.3}{\376\377\000t\000o\000k\000e\000n\000-\000l\000e\000v\000e\000l\000\040\000p\000r\000e\000f\000i\000x\000\040\000a\000d\000v\000a\000n\000t\000a\000g\000e\000\040\116\015\146\057\116\015\200\375\165\050\377\014\117\106\137\305\230\173\131\004\164\006\137\122\116\000\123\026}{section.4}% 8
\BOOKMARK [2][-]{subsection.4.4}{\376\377\000e\000r\000r\000t\000o\000k\000\040\162\110\147\054\166\356\122\115\154\241\147\011\136\046\147\145\230\235\131\026\145\066\166\312}{section.4}% 9
\BOOKMARK [2][-]{subsection.4.5}{\376\377\000r\000e\000w\000a\000r\000d\000\040\176\277\166\204\123\357\117\341\176\323\213\272}{section.4}% 10
\BOOKMARK [1][-]{section.5}{\376\377\116\073\176\323\147\234\116\214\377\032\000H\000i\000n\000t\000\040\000S\000c\000a\000f\000f\000o\000l\000d\000\040\000A\000b\000l\000a\000t\000i\000o\000n}{}% 11
\BOOKMARK [2][-]{subsection.5.1}{\376\377\000f\000i\000x\000e\000d\000\040\000h\000i\000n\000t\000\040\146\057\137\123\122\115\147\000\136\163\210\141\060\001\116\137\147\000\120\074\137\227\121\231\142\020\116\073\176\323\147\234\166\204\145\271\124\021}{section.5}% 12
\BOOKMARK [2][-]{subsection.5.2}{\376\377\000t\000a\000s\000k\000-\000a\000w\000a\000r\000e\000\040\000f\000i\000x\000e\000d\000\040\000h\000i\000n\000t\000\040\000m\000a\000p\000\040\146\364\133\211\121\150\377\014\116\024\116\315\161\066\117\335\117\117\116\206\000\040\000c\000o\000v\000e\000r\000a\000g\000e}{section.5}% 13
\BOOKMARK [2][-]{subsection.5.3}{\376\377\145\347\000\040\000f\000i\000x\000e\000d\000\040\225\031\162\110\116\072\116\300\116\110\123\315\200\014\146\364\131\175\377\032\133\203\147\054\215\050\116\012\146\057\116\000\116\052\146\364\155\105\166\204\000\040\000h\000i\000n\000t\000\040\000c\000u\000r\000r\000i\000c\000u\000l\000u\000m}{section.5}% 14
\BOOKMARK [2][-]{subsection.5.4}{\376\377\000d\000y\000n\000a\000m\000i\000c\000\040\000h\000i\000n\000t\000\040\147\011\116\367\120\074\377\014\117\106\000\040\000c\000a\000n\000o\000n\000i\000c\000a\000l\000\040\162\110\147\054\136\224\116\345\000\040\000g\000a\000t\000h\000e\000r\000-\000f\000i\000x\000\040\116\072\121\306}{section.5}% 15
\BOOKMARK [2][-]{subsection.5.5}{\376\377\000s\000i\000d\000-\000o\000n\000l\000y\000\040\146\364\166\364\143\245\133\371\237\120\213\304\155\113\116\373\122\241\377\014\117\106\166\356\122\115\116\315\147\052\117\030\116\216\000\040\000m\000i\000x\000e\000d\000-\000t\000a\000s\000k}{section.5}% 16
\BOOKMARK [2][-]{subsection.5.6}{\376\377\000r\000a\000n\000k\000i\000n\000g\000\040\154\241\147\011\146\076\171\072\121\372\146\016\170\156\145\066\166\312\377\014\200\014\116\024\147\011\147\072\122\066\134\102\227\142\166\204\211\343\221\312}{section.5}% 17
\BOOKMARK [1][-]{section.6}{\376\377\116\072\116\300\116\110\000\040\000f\000i\000x\000e\000d\000\040\137\123\122\115\153\324\000\040\000d\000y\000n\000a\000m\000i\000c\000\040\146\364\131\175}{}% 18
\BOOKMARK [2][-]{subsection.6.1}{\376\377\121\110\142\212\213\357\211\343\123\273\143\211\377\032\000d\000y\000n\000a\000m\000i\000c\000\040\166\204\040\034\123\330\123\026\040\035\116\015\146\057\225\031\377\014\225\356\230\230\127\050\116\216\000\040\000g\000a\000t\000e\000\040\116\016\117\030\123\026\166\356\150\007\116\015\116\000\201\364}{section.6}% 19
\BOOKMARK [2][-]{subsection.6.2}{\376\377\000f\000i\000x\000e\000d\000\040\153\324\000\040\000d\000y\000n\000a\000m\000i\000c\000\040\137\072\377\014\116\015\146\057\126\340\116\072\000\040\000f\000i\000x\000e\000d\000\040\164\006\213\272\146\364\133\371\377\014\200\014\146\057\126\340\116\072\137\123\122\115\000\040\000d\000y\000n\000a\000m\000i\000c\000\040\000g\000a\000t\000e\000\040\131\052\201\006}{section.6}% 20
\BOOKMARK [2][-]{subsection.6.3}{\376\377\116\072\116\300\116\110\225\031\162\110\000\040\000f\000i\000x\000e\000d\000\040\123\315\200\014\146\364\131\175\377\032\134\021\116\000\116\233\000\040\000h\000i\000n\000t\000\040\123\357\200\375\146\364\143\245\217\321\147\000\176\310\166\356\150\007\377\014\117\106\122\115\143\320\146\057\211\201\172\063\133\232}{section.6}% 21
\BOOKMARK [2][-]{subsection.6.4}{\376\377\131\202\147\234\211\201\213\251\000\040\000d\000y\000n\000a\000m\000i\000c\000\040\167\037\153\143\215\142\000\040\000f\000i\000x\000e\000d\377\014\133\203\227\000\211\201\145\071\000\040\000s\000t\000o\000p\000p\000i\000n\000g\000\040\000s\000i\000g\000n\000a\000l\377\014\200\014\116\015\146\057\123\352\227\140\127\050\176\277\123\330\123\026}{section.6}% 22
\BOOKMARK [1][-]{section.7}{\376\377\116\343\170\001\134\102\211\343\221\312\377\032\116\072\116\300\116\110\000\040\000r\000a\000n\000k\000i\000n\000g\000\040\116\015\146\016\146\076\060\001\116\072\116\300\116\110\000\040\000p\000r\000e\000f\000i\000x\000\040\000s\000h\000a\000p\000i\000n\000g\000\040\133\271\146\023\116\015\172\063\133\232}{}% 23
\BOOKMARK [2][-]{subsection.7.1}{\376\377\000r\000a\000n\000k\000i\000n\000g\000\040\000r\000e\000w\000a\000r\000d\000\040\133\371\000\040\000h\000a\000r\000d\000e\000s\000t\000\040\000c\000a\000s\000e\000\040\121\340\116\116\154\241\147\011\136\056\122\251}{section.7}% 24
\BOOKMARK [2][-]{subsection.7.2}{\376\377\000p\000r\000e\000f\000i\000x\000\040\000s\000h\000a\000p\000i\000n\000g\000\040\166\204\225\356\230\230\116\015\127\050\040\034\174\222\136\246\040\035\377\014\200\014\127\050\040\034\000c\000r\000e\000d\000i\000t\000\040\000a\000s\000s\000i\000g\000n\000m\000e\000n\000t\040\035}{section.7}% 25
\BOOKMARK [1][-]{section.8}{\376\377\142\021\116\354\163\260\127\050\147\000\123\357\117\341\166\204\000\040\000c\000o\000n\000t\000r\000i\000b\000u\000t\000i\000o\000n\000\040\146\057\116\300\116\110}{}% 26
\BOOKMARK [1][-]{section.9}{\376\377\124\016\176\355\136\224\213\345\140\016\116\110\120\132}{}% 27
\BOOKMARK [2][-]{subsection.9.1}{\376\377\117\030\121\110\176\247\147\000\232\330\377\032\142\212\000\040\000f\000i\000x\000e\000d\000\040\000h\000i\000n\000t\000\040\123\330\142\020\167\037\153\143\166\204\116\073\176\277\145\271\154\325}{section.9}% 28
\BOOKMARK [2][-]{subsection.9.2}{\376\377\173\054\116\214\117\030\121\110\176\247\377\032\142\212\000\040\000d\000y\000n\000a\000m\000i\000c\000\040\000h\000i\000n\000t\000\040\123\330\142\020\000\040\000s\000c\000h\000e\000d\000u\000l\000e\000r\000\040\000a\000b\000l\000a\000t\000i\000o\000n\377\014\200\014\116\015\146\057\116\073\176\323\147\234}{section.9}% 29
\BOOKMARK [2][-]{subsection.9.3}{\376\377\173\054\116\011\117\030\121\110\176\247\377\032\000r\000e\000w\000a\000r\000d\000\040\176\277\123\352\117\335\165\131\147\000\137\305\211\201\166\204\126\333\147\141}{section.9}% 30
\BOOKMARK [2][-]{subsection.9.4}{\376\377\116\373\122\241\213\276\213\241\134\102\227\142\377\032\116\015\211\201\217\307\145\351\123\352\142\274\000\040\000s\000i\000d\000-\000o\000n\000l\000y\377\014\211\201\121\110\120\132\000\040\000c\000l\000e\000a\000n\000\040\000a\000b\000l\000a\000t\000i\000o\000n}{section.9}% 31
\BOOKMARK [1][-]{section.10}{\376\377\176\323\213\272\116\016\124\016\176\355\225\356\230\230}{}% 32
\BOOKMARK [2][-]{subsection.10.1}{\376\377\135\362\176\317\210\253\137\072\145\057\143\001\166\204\176\323\213\272}{section.10}% 33
\BOOKMARK [2][-]{subsection.10.2}{\376\377\217\203\131\047\151\202\163\207\116\072\167\037\377\014\117\106\217\330\227\000\211\201\210\145\000\040\000c\000l\000e\000a\000n\000e\000r\000\040\000a\000b\000l\000a\000t\000i\000o\000n\000\040\166\204\176\323\213\272}{section.10}% 34
\BOOKMARK [2][-]{subsection.10.3}{\376\377\116\315\161\066\147\052\167\345\060\001\120\074\137\227\232\154\116\012\232\214\213\301\166\204\225\356\230\230}{section.10}% 35
\BOOKMARK [1][-]{appendix.A}{\376\377\165\050\142\067\143\007\133\232\166\356\137\125\166\204\122\006\174\173\175\042\137\025}{}% 36
\BOOKMARK [1][-]{appendix.B}{\376\377\000L\000e\000g\000a\000c\000y\000\040\000/\000\040\000S\000u\000p\000e\000r\000s\000e\000d\000e\000d\000\040\000R\000u\000n\000\040\176\323\147\234\210\150}{}% 37
\BOOKMARK [1][-]{appendix.C}{\376\377\147\145\156\220\156\005\123\125}{}% 38
